Using pre-set license
Built from '2020.3/staging' branch; Version is '2020.3.43f1 (75bff06b76bf) revision 7716848'; Using compiler version '192528614'; Build Type 'Release'
OS: 'Windows 11  (10.0.22621) 64bit Professional' Language: 'ko' Physical Memory: 8006 MB
BatchMode: 1, IsHumanControllingUs: 0, StartBugReporterOnCrash: 0, Is64bit: 1, IsPro: 0

COMMAND LINE ARGUMENTS:
C:\Program Files\Unity 2020.3.43f1\Editor\Unity.exe
-adb2
-batchMode
-noUpm
-name
AssetImportWorker0
-projectPath
C:/unityprojects/CityScape_Practice
-logFile
Logs/AssetImportWorker0.log
-srvPort
25849
Successfully changed project path to: C:/unityprojects/CityScape_Practice
C:/unityprojects/CityScape_Practice
Using Asset Import Pipeline V2.
Refreshing native plugins compatible for Editor in 85.44 ms, found 3 plugins.
Preloading 0 native plugins for Editor in 0.00 ms.
Initialize engine version: 2020.3.43f1 (75bff06b76bf)
[Subsystems] Discovering subsystems at path C:/Program Files/Unity 2020.3.43f1/Editor/Data/Resources/UnitySubsystems
[Subsystems] Discovering subsystems at path C:/unityprojects/CityScape_Practice/Assets
GfxDevice: creating device client; threaded=0
Direct3D:
    Version:  Direct3D 11.0 [level 11.1]
    Renderer: Intel(R) UHD Graphics (ID=0x9bca)
    Vendor:   
    VRAM:     4003 MB
    Driver:   26.20.100.7870
Initialize mono
Mono path[0] = 'C:/Program Files/Unity 2020.3.43f1/Editor/Data/Managed'
Mono path[1] = 'C:/Program Files/Unity 2020.3.43f1/Editor/Data/MonoBleedingEdge/lib/mono/unityjit'
Mono config path = 'C:/Program Files/Unity 2020.3.43f1/Editor/Data/MonoBleedingEdge/etc'
Using monoOptions --debugger-agent=transport=dt_socket,embedding=1,server=y,suspend=n,address=127.0.0.1:56140
Begin MonoManager ReloadAssembly
Registering precompiled unity dll's ...
Register platform support module: C:/Program Files/Unity 2020.3.43f1/Editor/Data/PlaybackEngines/WindowsStandaloneSupport/UnityEditor.WindowsStandalone.Extensions.dll
Registered in 0.007954 seconds.
Native extension for WindowsStandalone target not found
Refreshing native plugins compatible for Editor in 54.16 ms, found 3 plugins.
Preloading 0 native plugins for Editor in 0.00 ms.
Mono: successfully reloaded assembly
- Completed reload, in  0.906 seconds
Domain Reload Profiling:
	ReloadAssembly (906ms)
		BeginReloadAssembly (195ms)
			ExecutionOrderSort (0ms)
			DisableScriptedObjects (0ms)
			BackupInstance (0ms)
			ReleaseScriptingObjects (0ms)
			CreateAndSetChildDomain (2ms)
		EndReloadAssembly (595ms)
			LoadAssemblies (181ms)
			RebuildTransferFunctionScriptingTraits (0ms)
			SetupTypeCache (190ms)
			ReleaseScriptCaches (0ms)
			RebuildScriptCaches (35ms)
			SetupLoadedEditorAssemblies (203ms)
				LogAssemblyErrors (0ms)
				InitializePlatformSupportModulesInManaged (5ms)
				SetLoadedEditorAssemblies (0ms)
				RefreshPlugins (54ms)
				BeforeProcessingInitializeOnLoad (10ms)
				ProcessInitializeOnLoadAttributes (94ms)
				ProcessInitializeOnLoadMethodAttributes (40ms)
				AfterProcessingInitializeOnLoad (0ms)
				EditorAssembliesLoaded (0ms)
			ExecutionOrderSort2 (0ms)
			AwakeInstancesAfterBackupRestoration (0ms)
Platform modules already initialized, skipping
Registering precompiled user dll's ...
Registered in 0.010898 seconds.
Begin MonoManager ReloadAssembly
Native extension for WindowsStandalone target not found
Refreshing native plugins compatible for Editor in 65.75 ms, found 3 plugins.
Preloading 0 native plugins for Editor in 0.00 ms.
Mono: successfully reloaded assembly
- Completed reload, in  1.876 seconds
Domain Reload Profiling:
	ReloadAssembly (1878ms)
		BeginReloadAssembly (231ms)
			ExecutionOrderSort (0ms)
			DisableScriptedObjects (5ms)
			BackupInstance (0ms)
			ReleaseScriptingObjects (0ms)
			CreateAndSetChildDomain (26ms)
		EndReloadAssembly (1548ms)
			LoadAssemblies (240ms)
			RebuildTransferFunctionScriptingTraits (0ms)
			SetupTypeCache (482ms)
			ReleaseScriptCaches (0ms)
			RebuildScriptCaches (63ms)
			SetupLoadedEditorAssemblies (614ms)
				LogAssemblyErrors (0ms)
				InitializePlatformSupportModulesInManaged (4ms)
				SetLoadedEditorAssemblies (0ms)
				RefreshPlugins (66ms)
				BeforeProcessingInitializeOnLoad (139ms)
				ProcessInitializeOnLoadAttributes (329ms)
				ProcessInitializeOnLoadMethodAttributes (47ms)
				AfterProcessingInitializeOnLoad (28ms)
				EditorAssembliesLoaded (0ms)
			ExecutionOrderSort2 (0ms)
			AwakeInstancesAfterBackupRestoration (4ms)
Platform modules already initialized, skipping
========================================================================
Worker process is ready to serve import requests
Launched and connected shader compiler UnityShaderCompiler.exe after 0.10 seconds
Refreshing native plugins compatible for Editor in 0.55 ms, found 3 plugins.
Preloading 0 native plugins for Editor in 0.00 ms.
Unloading 2184 Unused Serialized files (Serialized files now loaded: 0)
System memory in use before: 96.3 MB.
System memory in use after: 96.2 MB.

Unloading 31 unused Assets to reduce memory usage. Loaded Objects now: 2616.
Total: 4.983400 ms (FindLiveObjects: 0.235900 ms CreateObjectMapping: 0.119300 ms MarkObjects: 4.241800 ms  DeleteObjects: 0.384200 ms)

AssetImportParameters requested are different than current active one (requested -> active):
  custom:framework-win-MediaFoundation: 216162199b28c13a410421893ffa2e32 -> 
  custom:video-decoder-ogg-theora: a1e56fd34408186e4bbccfd4996cb3dc -> 
  custom:container-muxer-webm: aa71ff27fc2769a1b78a27578f13a17b -> 
  custom:container-demuxer-webm: 4f35f7cbe854078d1ac9338744f61a02 -> 
  custom:container-demuxer-ogg: 62fdf1f143b41e24485cea50d1cbac27 -> 
  custom:video-encoder-webm-vp8: eb34c28f22e8b96e1ab97ce403110664 -> 
  custom:video-codec-MediaFoundation-h265: 746d11721c4dcdbdad8f713fa42b33f4 -> 
  custom:video-decoder-webm-vp8: 9c59270c3fd7afecdb556c50c9e8de78 -> 
  custom:audio-decoder-ogg-vorbis: bf7c407c2cedff20999df2af8eb42d56 -> 
  custom:audio-encoder-webm-vorbis: bf7c407c2cedff20999df2af8eb42d56 -> 
========================================================================
Received Import Request.
  path: Assets/GraveyardTileset/png/Tiles/Bones (4).png
  artifactKey: Guid(91e9f75a0d6e4f347bc103faddd640e2) Importer(815301076,1909f56bfc062723c751e8b465ee728b)
Start importing Assets/GraveyardTileset/png/Tiles/Bones (4).png using Guid(91e9f75a0d6e4f347bc103faddd640e2) Importer(815301076,1909f56bfc062723c751e8b465ee728b)  -> (artifact id: '2ae4df56ebbb786049a7eca9fc3d5b48') in 0.201348 seconds 
========================================================================
Received Import Request.
  Time since last request: 0.000447 seconds.
  path: Assets/GraveyardTileset/png/Tiles/Tile (10).png
  artifactKey: Guid(f9f8b2c0eadca4344b05829cbecd8ec0) Importer(815301076,1909f56bfc062723c751e8b465ee728b)
Start importing Assets/GraveyardTileset/png/Tiles/Tile (10).png using Guid(f9f8b2c0eadca4344b05829cbecd8ec0) Importer(815301076,1909f56bfc062723c751e8b465ee728b)  -> (artifact id: 'f78e3ea104bbddf604bfe39c9ee096b8') in 0.091465 seconds 
========================================================================
Received Import Request.
  Time since last request: 0.000621 seconds.
  path: Assets/GraveyardTileset/png/Tiles/Bones (1).png
  artifactKey: Guid(2a3e647e53d96574a85bb836de4c6bad) Importer(815301076,1909f56bfc062723c751e8b465ee728b)
Start importing Assets/GraveyardTileset/png/Tiles/Bones (1).png using Guid(2a3e647e53d96574a85bb836de4c6bad) Importer(815301076,1909f56bfc062723c751e8b465ee728b)  -> (artifact id: 'ccec2af1213eb0272f8887991c528c5c') in 0.048314 seconds 
========================================================================
Received Import Request.
  Time since last request: 0.000819 seconds.
  path: Assets/GraveyardTileset/png/Tiles/Tile (6).png
  artifactKey: Guid(9eb98f1a00be0d14b827b4628b1a3fb5) Importer(815301076,1909f56bfc062723c751e8b465ee728b)
Start importing Assets/GraveyardTileset/png/Tiles/Tile (6).png using Guid(9eb98f1a00be0d14b827b4628b1a3fb5) Importer(815301076,1909f56bfc062723c751e8b465ee728b)  -> (artifact id: '5c4bfef03e8141bd29fd3aaac146b847') in 0.135870 seconds 
========================================================================
Received Import Request.
  Time since last request: 0.000888 seconds.
  path: Assets/GraveyardTileset/png/Tiles/Tile (13).png
  artifactKey: Guid(816c64d922df137429dea6a3e6801a71) Importer(815301076,1909f56bfc062723c751e8b465ee728b)
Start importing Assets/GraveyardTileset/png/Tiles/Tile (13).png using Guid(816c64d922df137429dea6a3e6801a71) Importer(815301076,1909f56bfc062723c751e8b465ee728b)  -> (artifact id: 'e22e049f6003e47dca07b5b911379e92') in 0.036194 seconds 
========================================================================
Received Import Request.
  Time since last request: 0.000866 seconds.
  path: Assets/GraveyardTileset/png/Tiles/Tile (12).png
  artifactKey: Guid(f8e13659f72df5f468c2d20b6292f347) Importer(815301076,1909f56bfc062723c751e8b465ee728b)
Start importing Assets/GraveyardTileset/png/Tiles/Tile (12).png using Guid(f8e13659f72df5f468c2d20b6292f347) Importer(815301076,1909f56bfc062723c751e8b465ee728b)  -> (artifact id: '5c57d4ddd419c492f7c636340a524cd1') in 0.034231 seconds 
========================================================================
Received Import Request.
  Time since last request: 0.000690 seconds.
  path: Assets/GraveyardTileset/png/Tiles/Tile (3).png
  artifactKey: Guid(00bb7e675bb326f4ca0a6cf4472866b1) Importer(815301076,1909f56bfc062723c751e8b465ee728b)
Start importing Assets/GraveyardTileset/png/Tiles/Tile (3).png using Guid(00bb7e675bb326f4ca0a6cf4472866b1) Importer(815301076,1909f56bfc062723c751e8b465ee728b)  -> (artifact id: '1d832766f57bc14b9117716c449f484d') in 0.054960 seconds 
========================================================================
Received Import Request.
  Time since last request: 0.000789 seconds.
  path: Assets/GraveyardTileset/png/Tiles/Tile (4).png
  artifactKey: Guid(f14ea0803b238434fa3d762a42286b8e) Importer(815301076,1909f56bfc062723c751e8b465ee728b)
Start importing Assets/GraveyardTileset/png/Tiles/Tile (4).png using Guid(f14ea0803b238434fa3d762a42286b8e) Importer(815301076,1909f56bfc062723c751e8b465ee728b)  -> (artifact id: '78ef8fe6bb26949dd9da8b7c5e945cc7') in 0.056637 seconds 
========================================================================
Received Import Request.
  Time since last request: 0.000489 seconds.
  path: Assets/GraveyardTileset/png/Tiles/Tile (7).png
  artifactKey: Guid(32b7566192cd2f449a7a883744b5c8b3) Importer(815301076,1909f56bfc062723c751e8b465ee728b)
Start importing Assets/GraveyardTileset/png/Tiles/Tile (7).png using Guid(32b7566192cd2f449a7a883744b5c8b3) Importer(815301076,1909f56bfc062723c751e8b465ee728b)  -> (artifact id: '536f5badffcaf9d6d9a96ecfaa5c98c1') in 0.025474 seconds 
========================================================================
Received Import Request.
  Time since last request: 0.000532 seconds.
  path: Assets/GraveyardTileset/png/Tiles/Bones (2).png
  artifactKey: Guid(0d75e1b9d1211ef4181528bf67abb883) Importer(815301076,1909f56bfc062723c751e8b465ee728b)
Start importing Assets/GraveyardTileset/png/Tiles/Bones (2).png using Guid(0d75e1b9d1211ef4181528bf67abb883) Importer(815301076,1909f56bfc062723c751e8b465ee728b)  -> (artifact id: '13bf9cd969a9c7bca83e22776797c8a4') in 0.025435 seconds 
========================================================================
Received Import Request.
  Time since last request: 0.000413 seconds.
  path: Assets/GraveyardTileset/png/Tiles/Tile (11).png
  artifactKey: Guid(21ed72691f5f2354787cba5b2b009580) Importer(815301076,1909f56bfc062723c751e8b465ee728b)
Start importing Assets/GraveyardTileset/png/Tiles/Tile (11).png using Guid(21ed72691f5f2354787cba5b2b009580) Importer(815301076,1909f56bfc062723c751e8b465ee728b)  -> (artifact id: 'd898cab871a20bcf7de00e9190cff2ab') in 0.078357 seconds 
========================================================================
Received Import Request.
  Time since last request: 0.000551 seconds.
  path: Assets/GraveyardTileset/png/Tiles/Tile (2).png
  artifactKey: Guid(67c7abfb63d582f45b9c3ba554638046) Importer(815301076,1909f56bfc062723c751e8b465ee728b)
Start importing Assets/GraveyardTileset/png/Tiles/Tile (2).png using Guid(67c7abfb63d582f45b9c3ba554638046) Importer(815301076,1909f56bfc062723c751e8b465ee728b)  -> (artifact id: 'b43d72f2f2fa55e02a83af8b19097304') in 0.039423 seconds 
========================================================================
Received Import Request.
  Time since last request: 0.001583 seconds.
  path: Assets/GraveyardTileset/png/Tiles/Tile (9).png
  artifactKey: Guid(79e1ca30e67b800409e36569955f4110) Importer(815301076,1909f56bfc062723c751e8b465ee728b)
Start importing Assets/GraveyardTileset/png/Tiles/Tile (9).png using Guid(79e1ca30e67b800409e36569955f4110) Importer(815301076,1909f56bfc062723c751e8b465ee728b)  -> (artifact id: '619fee9b176b0f283f1cf06e449e08e6') in 0.033260 seconds 
========================================================================
Received Import Request.
  Time since last request: 0.000413 seconds.
  path: Assets/GraveyardTileset/png/Tiles/Bones (3).png
  artifactKey: Guid(1e39f50ed3b9fd443886ebf1104cf572) Importer(815301076,1909f56bfc062723c751e8b465ee728b)
Start importing Assets/GraveyardTileset/png/Tiles/Bones (3).png using Guid(1e39f50ed3b9fd443886ebf1104cf572) Importer(815301076,1909f56bfc062723c751e8b465ee728b)  -> (artifact id: 'ac62c2bd470edc05263162099859a18b') in 0.052441 seconds 
========================================================================
Received Import Request.
  Time since last request: 0.000514 seconds.
  path: Assets/GraveyardTileset/png/Tiles/Tile (15).png
  artifactKey: Guid(8d22a69bd27e5e24a817c3cd22258301) Importer(815301076,1909f56bfc062723c751e8b465ee728b)
Start importing Assets/GraveyardTileset/png/Tiles/Tile (15).png using Guid(8d22a69bd27e5e24a817c3cd22258301) Importer(815301076,1909f56bfc062723c751e8b465ee728b)  -> (artifact id: 'eaf421c4072a48b187f765d9ded5a999') in 0.044835 seconds 
========================================================================
Received Import Request.
  Time since last request: 0.003338 seconds.
  path: Assets/GraveyardTileset/png/Tiles/Tile (16).png
  artifactKey: Guid(ec0566c6429efc0499eb50d6b52446eb) Importer(815301076,1909f56bfc062723c751e8b465ee728b)
Start importing Assets/GraveyardTileset/png/Tiles/Tile (16).png using Guid(ec0566c6429efc0499eb50d6b52446eb) Importer(815301076,1909f56bfc062723c751e8b465ee728b)  -> (artifact id: '50a8c80ef550b140d09b8a3d147cbd8e') in 0.045811 seconds 
========================================================================
Received Import Request.
  Time since last request: 0.000503 seconds.
  path: Assets/GraveyardTileset/png/Tiles/Tile (8).png
  artifactKey: Guid(337eb8191c7342644aeeae9eda82f59e) Importer(815301076,1909f56bfc062723c751e8b465ee728b)
Start importing Assets/GraveyardTileset/png/Tiles/Tile (8).png using Guid(337eb8191c7342644aeeae9eda82f59e) Importer(815301076,1909f56bfc062723c751e8b465ee728b)  -> (artifact id: '9ad9991c2690cc6ac45ee5db4bb97b25') in 0.029979 seconds 
========================================================================
Received Import Request.
  Time since last request: 0.000342 seconds.
  path: Assets/GraveyardTileset/png/Tiles/Tile (5).png
  artifactKey: Guid(ad8643e968167504899239f5dee82872) Importer(815301076,1909f56bfc062723c751e8b465ee728b)
Start importing Assets/GraveyardTileset/png/Tiles/Tile (5).png using Guid(ad8643e968167504899239f5dee82872) Importer(815301076,1909f56bfc062723c751e8b465ee728b)  -> (artifact id: '439664e112f3fe802985c9c2de0e81d1') in 0.019466 seconds 
========================================================================
Received Import Request.
  Time since last request: 0.000433 seconds.
  path: Assets/GraveyardTileset/png/Tiles/Tile (14).png
  artifactKey: Guid(ef9050651d67c0a459f312eab4a734e0) Importer(815301076,1909f56bfc062723c751e8b465ee728b)
Start importing Assets/GraveyardTileset/png/Tiles/Tile (14).png using Guid(ef9050651d67c0a459f312eab4a734e0) Importer(815301076,1909f56bfc062723c751e8b465ee728b)  -> (artifact id: '3fe38cec8cb1bad385d6eda58db16086') in 0.044017 seconds 
========================================================================
Received Import Request.
  Time since last request: 0.000382 seconds.
  path: Assets/GraveyardTileset/png/Tiles
  artifactKey: Guid(0c84fcacca3a5044e9e8df0777c68afe) Importer(815301076,1909f56bfc062723c751e8b465ee728b)
Start importing Assets/GraveyardTileset/png/Tiles using Guid(0c84fcacca3a5044e9e8df0777c68afe) Importer(815301076,1909f56bfc062723c751e8b465ee728b)  -> (artifact id: '629beaea7059f09343bbeea06630321f') in 0.009396 seconds 
========================================================================
Received Import Request.
  Time since last request: 0.000947 seconds.
  path: Assets/GraveyardTileset/png/Tiles/Tile (1).png
  artifactKey: Guid(822a17f03bedc5d42915b5bf75d34e01) Importer(815301076,1909f56bfc062723c751e8b465ee728b)
Start importing Assets/GraveyardTileset/png/Tiles/Tile (1).png using Guid(822a17f03bedc5d42915b5bf75d34e01) Importer(815301076,1909f56bfc062723c751e8b465ee728b)  -> (artifact id: '75b1dae85e6b21411a4337f098e452de') in 0.024025 seconds 
